TN:
SF:src\App.jsx
FN:8,App
FN:16,fetchTasks
FN:25,addTask
FN:38,deleteTask
FNF:4
FNH:2
FNDA:2,App
FNDA:1,fetchTasks
FNDA:0,addTask
FNDA:0,deleteTask
DA:1,1
DA:2,1
DA:3,1
DA:4,1
DA:5,1
DA:6,1
DA:7,1
DA:8,2
DA:9,2
DA:10,2
DA:11,2
DA:12,1
DA:13,2
DA:14,2
DA:15,2
DA:16,2
DA:17,1
DA:18,1
DA:19,1
DA:20,1
DA:21,0
DA:22,0
DA:23,2
DA:24,2
DA:25,2
DA:26,0
DA:27,0
DA:28,0
DA:29,0
DA:30,0
DA:31,0
DA:32,0
DA:33,0
DA:34,0
DA:35,2
DA:36,2
DA:37,2
DA:38,2
DA:39,0
DA:40,0
DA:41,0
DA:42,0
DA:43,0
DA:44,0
DA:45,0
DA:46,0
DA:47,2
DA:48,2
DA:49,2
DA:50,2
DA:51,2
DA:52,2
DA:53,2
DA:54,2
DA:55,2
DA:56,2
DA:57,2
DA:58,2
DA:59,1
DA:60,1
LF:60
LH:41
BRDA:8,0,0,2
BRDA:11,1,0,1
BRDA:16,2,0,1
BRDA:20,3,0,0
BRF:4
BRH:3
end_of_record
TN:
SF:src\components\TaskForm\TaskForm.jsx
FN:5,TaskForm
FN:9,handleSubmit
FN:37,onChange
FN:44,onChange
FNF:4
FNH:4
FNDA:6,TaskForm
FNDA:1,handleSubmit
FNDA:1,onChange
FNDA:1,onChange
DA:1,1
DA:2,1
DA:3,1
DA:4,1
DA:5,6
DA:6,6
DA:7,6
DA:8,6
DA:9,6
DA:10,1
DA:11,1
DA:12,1
DA:13,1
DA:14,1
DA:15,1
DA:16,1
DA:17,1
DA:18,1
DA:19,1
DA:20,1
DA:21,0
DA:22,0
DA:23,0
DA:24,1
DA:25,1
DA:26,1
DA:27,1
DA:28,6
DA:29,6
DA:30,6
DA:31,6
DA:32,6
DA:33,6
DA:34,6
DA:35,6
DA:36,6
DA:37,6
DA:38,6
DA:39,6
DA:40,6
DA:41,6
DA:42,6
DA:43,6
DA:44,6
DA:45,6
DA:46,6
DA:47,6
DA:48,6
DA:49,6
DA:50,6
DA:51,6
DA:52,6
DA:53,1
DA:54,1
DA:55,1
DA:56,1
DA:57,1
DA:58,1
LF:58
LH:55
BRDA:5,0,0,6
BRDA:9,1,0,1
BRDA:20,2,0,0
BRDA:37,3,0,1
BRDA:44,4,0,1
BRF:5
BRH:4
end_of_record
TN:
SF:src\components\TaskItem\TaskItem.jsx
FN:5,TaskItem
FN:9,onClick
FNF:2
FNH:2
FNDA:4,TaskItem
FNDA:1,onClick
DA:1,1
DA:2,1
DA:3,1
DA:4,1
DA:5,4
DA:6,4
DA:7,4
DA:8,4
DA:9,4
DA:10,4
DA:11,4
DA:12,4
DA:13,1
DA:14,1
DA:15,1
DA:16,1
DA:17,1
DA:18,1
DA:19,1
DA:20,1
DA:21,1
DA:22,1
LF:22
LH:22
BRDA:5,0,0,4
BRDA:9,1,0,1
BRF:2
BRH:2
end_of_record
TN:
SF:src\components\TaskList\TaskList.jsx
FN:6,TaskList
FN:7,formatDate
FNF:2
FNH:2
FNDA:3,TaskList
FNDA:2,formatDate
DA:1,1
DA:2,1
DA:3,1
DA:4,1
DA:5,1
DA:6,3
DA:7,3
DA:8,2
DA:9,2
DA:10,2
DA:11,3
DA:12,3
DA:13,2
DA:14,2
DA:15,3
DA:16,3
DA:17,3
DA:18,3
DA:19,3
DA:20,3
DA:21,3
DA:22,2
DA:23,2
DA:24,2
DA:25,2
DA:26,2
DA:27,2
DA:28,2
DA:29,2
DA:30,3
DA:31,3
DA:32,3
DA:33,3
DA:34,1
DA:35,1
DA:36,1
DA:37,1
DA:38,1
DA:39,1
DA:40,1
LF:40
LH:40
BRDA:6,0,0,3
BRDA:7,1,0,2
BRDA:12,2,0,2
BRDA:21,3,0,2
BRDA:25,4,0,2
BRF:5
BRH:5
end_of_record
